SF:src\MGA-Methods\Max-Distance.jl
DA:29,16
DA:36,8
DA:37,8
DA:40,8
DA:42,8
DA:43,8
DA:71,4
DA:77,2
DA:79,2
DA:80,2
DA:83,2
DA:85,2
LH:12
LF:12
end_of_record
SF:src\NearOptimalAlternatives.jl
LH:0
LF:0
end_of_record
SF:src\alternative-metaheuristics.jl
DA:5,7
DA:26,8
DA:32,8
DA:33,8
DA:34,28
DA:35,21
DA:37,1
DA:39,14
DA:40,8
DA:59,91022
DA:65,91022
DA:67,91022
DA:69,182044
DA:71,364094
DA:72,172044
DA:74,10003
DA:76,273072
DA:77,91022
DA:100,9
DA:108,9
DA:109,18
DA:111,9
DA:114,9
DA:115,44
DA:116,44
DA:118,91015
DA:120,91006
DA:122,91006
DA:124,91006
DA:125,91006
DA:131,0
DA:138,91006
DA:140,91006
DA:141,364022
DA:142,364022
DA:145,364022
DA:147,6
DA:148,2
DA:150,2
DA:151,4
DA:152,2
DA:154,2
DA:155,2
DA:156,2
DA:158,2
DA:159,0
DA:160,0
DA:161,0
DA:162,0
DA:164,364016
DA:166,728032
DA:167,20000
DA:170,344016
DA:171,172008
DA:172,172008
DA:173,172008
DA:174,0
DA:175,0
DA:176,0
DA:177,0
DA:178,0
DA:181,0
DA:183,637038
DA:186,91006
DA:187,0
DA:190,91006
DA:191,91004
DA:194,91006
DA:197,9
DA:212,10
DA:214,10
DA:215,32
DA:216,10
DA:217,16
DA:218,16
DA:219,22
DA:222,10
DA:224,10
DA:225,32
DA:227,64
DA:228,30
DA:229,30
DA:230,15
DA:231,15
DA:232,15
DA:233,0
DA:234,0
DA:235,0
DA:237,0
DA:238,0
DA:239,0
DA:242,32
DA:244,10
DA:267,7
DA:276,7
DA:277,7
DA:278,7
DA:279,13
DA:280,19
DA:282,7
DA:284,7
DA:287,7
DA:304,2
DA:310,2
DA:311,2
DA:312,20003
DA:313,20001
DA:314,20001
DA:315,20001
DA:317,2
DA:327,7
DA:328,7
DA:329,7
LH:95
LF:113
end_of_record
SF:src\alternative-optimisation.jl
DA:47,16
DA:56,8
DA:57,8
DA:58,8
DA:61,8
DA:63,8
DA:64,0
DA:67,8
DA:69,8
DA:71,8
DA:72,7
DA:78,1
DA:105,4
DA:112,2
DA:113,0
DA:115,2
LH:14
LF:16
end_of_record
SF:src\generate-alternatives.jl
DA:24,16
DA:34,16
DA:35,1
DA:36,7
DA:37,1
DA:38,6
DA:39,1
DA:42,5
DA:44,5
DA:45,5
DA:54,5
DA:55,5
DA:56,5
DA:57,5
DA:60,5
DA:61,1
DA:62,1
DA:68,1
DA:69,1
DA:70,1
DA:71,1
DA:72,1
DA:74,5
DA:97,14
DA:105,14
DA:106,1
DA:107,6
DA:108,1
DA:109,5
DA:110,1
DA:113,4
DA:115,4
DA:117,4
DA:118,4
DA:119,4
DA:120,9
DA:121,1
DA:123,7
DA:125,8
DA:127,4
DA:135,4
DA:136,4
DA:137,8
DA:138,4
DA:140,4
DA:141,1
DA:142,1
DA:143,1
DA:144,1
DA:145,2
DA:146,1
DA:147,1
DA:149,4
LH:53
LF:53
end_of_record
SF:src\results.jl
DA:5,12
DA:14,9
DA:15,18
DA:16,1
DA:20,8
DA:21,8
DA:22,16
DA:23,16
DA:24,8
DA:27,8
DA:28,15
DA:29,1
DA:31,7
DA:46,5
DA:53,5
DA:54,0
DA:57,5
DA:58,5
DA:59,5
DA:61,10
DA:62,9
DA:63,9
DA:64,13
DA:66,6
DA:67,1
DA:68,1
DA:70,5
DA:73,5
DA:75,5
LH:28
LF:29
end_of_record
